[W 2025-03-05 15:42:10.101 ServerApp] A `_jupyter_server_extension_points` function was not found in notebook_shim. Instead, a `_jupyter_server_extension_paths` function was found and will be used for now. This function name will be deprecated in future releases of Jupyter Server.
[I 2025-03-05 15:42:11.176 ServerApp] Extension package panel.io.jupyter_server_extension took 1.0735s to import
[I 2025-03-05 15:42:11.177 ServerApp] jupyter_lsp | extension was successfully linked.
[I 2025-03-05 15:42:11.180 ServerApp] jupyter_server_terminals | extension was successfully linked.
[I 2025-03-05 15:42:11.184 ServerApp] jupyterlab | extension was successfully linked.
[I 2025-03-05 15:42:11.187 ServerApp] notebook | extension was successfully linked.
[I 2025-03-05 15:42:11.188 ServerApp] Writing Jupyter server cookie secret to /home/vscode/.local/share/jupyter/runtime/jupyter_cookie_secret
[I 2025-03-05 15:42:11.520 ServerApp] notebook_shim | extension was successfully linked.
[I 2025-03-05 15:42:11.521 ServerApp] panel.io.jupyter_server_extension | extension was successfully linked.
[I 2025-03-05 15:42:11.537 ServerApp] notebook_shim | extension was successfully loaded.
[I 2025-03-05 15:42:11.539 ServerApp] jupyter_lsp | extension was successfully loaded.
[I 2025-03-05 15:42:11.539 ServerApp] jupyter_server_terminals | extension was successfully loaded.
[I 2025-03-05 15:42:11.541 LabApp] JupyterLab extension loaded from /opt/conda/lib/python3.12/site-packages/jupyterlab
[I 2025-03-05 15:42:11.541 LabApp] JupyterLab application directory is /opt/conda/share/jupyter/lab
[I 2025-03-05 15:42:11.542 LabApp] Extension Manager is 'pypi'.
[I 2025-03-05 15:42:11.571 ServerApp] jupyterlab | extension was successfully loaded.
[I 2025-03-05 15:42:11.576 ServerApp] notebook | extension was successfully loaded.
[I 2025-03-05 15:42:11.577 ServerApp] panel.io.jupyter_server_extension | extension was successfully loaded.
[I 2025-03-05 15:42:11.577 ServerApp] Serving notebooks from local directory: /workspaces/Python-Google-Training
[I 2025-03-05 15:42:11.577 ServerApp] Jupyter Server 2.14.1 is running at:
[I 2025-03-05 15:42:11.577 ServerApp] http://codespaces-27f766:8888/tree?token=49eed2aa003900c7dfbd3867e2f3b1a2f0c980f15e4c6710
[I 2025-03-05 15:42:11.577 ServerApp]     http://127.0.0.1:8888/tree?token=49eed2aa003900c7dfbd3867e2f3b1a2f0c980f15e4c6710
[I 2025-03-05 15:42:11.577 ServerApp] Use Control-C to stop this server and shut down all kernels (twice to skip confirmation).
[W 2025-03-05 15:42:11.580 ServerApp] No web browser found: Error('could not locate runnable browser').
[C 2025-03-05 15:42:11.580 ServerApp] 
    
    To access the server, open this file in a browser:
        file:///home/vscode/.local/share/jupyter/runtime/jpserver-244-open.html
    Or copy and paste one of these URLs:
        http://codespaces-27f766:8888/tree?token=49eed2aa003900c7dfbd3867e2f3b1a2f0c980f15e4c6710
        http://127.0.0.1:8888/tree?token=49eed2aa003900c7dfbd3867e2f3b1a2f0c980f15e4c6710
[I 2025-03-05 15:42:11.616 ServerApp] Skipped non-installed server(s): bash-language-server, dockerfile-language-server-nodejs, javascript-typescript-langserver, jedi-language-server, julia-language-server, pyright, python-language-server, r-languageserver, sql-language-server, texlab, typescript-language-server, unified-language-server, vscode-css-languageserver-bin, vscode-html-languageserver-bin, vscode-json-languageserver-bin, yaml-language-server
[I 2025-03-05 15:47:28.122 ServerApp] 302 GET / (@127.0.0.1) 0.41ms
[I 2025-03-05 15:47:28.345 JupyterNotebookApp] 302 GET /tree? (@127.0.0.1) 0.60ms
[I 2025-03-05 15:49:52.006 ServerApp] 302 GET / (@127.0.0.1) 0.39ms
[I 2025-03-05 15:49:52.071 JupyterNotebookApp] 302 GET /tree? (@127.0.0.1) 0.46ms
[I 2025-03-05 15:50:12.153 ServerApp] User b4009730dbe64756a2ceda593ec5c3c9 logged in.
[I 2025-03-05 15:50:12.153 ServerApp] 302 POST /login?next=%2Ftree%3F (b4009730dbe64756a2ceda593ec5c3c9@127.0.0.1) 0.93ms
0.00s - Debugger warning: It seems that frozen modules are being used, which may
0.00s - make the debugger miss breakpoints. Please pass -Xfrozen_modules=off
0.00s - to python to disable frozen modules.
0.00s - Note: Debugging will proceed. Set PYDEVD_DISABLE_FILE_VALIDATION=1 to disable this validation.
[I 2025-03-10 18:55:21.533 ServerApp] Extension package jupyter_lsp took 0.5117s to import
[I 2025-03-10 18:55:21.915 ServerApp] Extension package jupyter_server_terminals took 0.3733s to import
[W 2025-03-10 18:55:29.009 ServerApp] A `_jupyter_server_extension_points` function was not found in notebook_shim. Instead, a `_jupyter_server_extension_paths` function was found and will be used for now. This function name will be deprecated in future releases of Jupyter Server.
[I 2025-03-10 18:55:44.912 ServerApp] Extension package panel.io.jupyter_server_extension took 15.8894s to import
[I 2025-03-10 18:55:44.913 ServerApp] jupyter_lsp | extension was successfully linked.
[I 2025-03-10 18:55:44.920 ServerApp] jupyter_server_terminals | extension was successfully linked.
[I 2025-03-10 18:55:44.929 ServerApp] jupyterlab | extension was successfully linked.
[I 2025-03-10 18:55:44.942 ServerApp] notebook | extension was successfully linked.
[I 2025-03-10 18:55:51.081 ServerApp] notebook_shim | extension was successfully linked.
[I 2025-03-10 18:55:51.082 ServerApp] panel.io.jupyter_server_extension | extension was successfully linked.
[I 2025-03-10 18:55:51.306 ServerApp] notebook_shim | extension was successfully loaded.
[I 2025-03-10 18:55:51.308 ServerApp] jupyter_lsp | extension was successfully loaded.
[I 2025-03-10 18:55:51.309 ServerApp] jupyter_server_terminals | extension was successfully loaded.
[I 2025-03-10 18:55:51.396 LabApp] JupyterLab extension loaded from /opt/conda/lib/python3.12/site-packages/jupyterlab
[I 2025-03-10 18:55:51.396 LabApp] JupyterLab application directory is /opt/conda/share/jupyter/lab
[I 2025-03-10 18:55:51.397 LabApp] Extension Manager is 'pypi'.
[I 2025-03-10 18:55:51.477 ServerApp] jupyterlab | extension was successfully loaded.
[I 2025-03-10 18:55:51.493 ServerApp] notebook | extension was successfully loaded.
[I 2025-03-10 18:55:51.510 ServerApp] panel.io.jupyter_server_extension | extension was successfully loaded.
[I 2025-03-10 18:55:51.511 ServerApp] Serving notebooks from local directory: /workspaces/Python-Google-Training
[I 2025-03-10 18:55:51.511 ServerApp] Jupyter Server 2.14.1 is running at:
[I 2025-03-10 18:55:51.511 ServerApp] http://codespaces-27f766:8888/tree?token=e1e2749168ff50a9d43dde576d23b0a484546d7271940499
[I 2025-03-10 18:55:51.511 ServerApp]     http://127.0.0.1:8888/tree?token=e1e2749168ff50a9d43dde576d23b0a484546d7271940499
[I 2025-03-10 18:55:51.511 ServerApp] Use Control-C to stop this server and shut down all kernels (twice to skip confirmation).
[W 2025-03-10 18:55:51.515 ServerApp] No web browser found: Error('could not locate runnable browser').
[C 2025-03-10 18:55:51.515 ServerApp] 
    
    To access the server, open this file in a browser:
        file:///home/vscode/.local/share/jupyter/runtime/jpserver-90-open.html
    Or copy and paste one of these URLs:
        http://codespaces-27f766:8888/tree?token=e1e2749168ff50a9d43dde576d23b0a484546d7271940499
        http://127.0.0.1:8888/tree?token=e1e2749168ff50a9d43dde576d23b0a484546d7271940499
[I 2025-03-10 18:55:51.695 ServerApp] Skipped non-installed server(s): bash-language-server, dockerfile-language-server-nodejs, javascript-typescript-langserver, jedi-language-server, julia-language-server, pyright, python-language-server, r-languageserver, sql-language-server, texlab, typescript-language-server, unified-language-server, vscode-css-languageserver-bin, vscode-html-languageserver-bin, vscode-json-languageserver-bin, yaml-language-server
[W 2025-03-11 11:46:03.188 ServerApp] A `_jupyter_server_extension_points` function was not found in notebook_shim. Instead, a `_jupyter_server_extension_paths` function was found and will be used for now. This function name will be deprecated in future releases of Jupyter Server.
[I 2025-03-11 11:46:12.744 ServerApp] Extension package panel.io.jupyter_server_extension took 9.5541s to import
[I 2025-03-11 11:46:12.746 ServerApp] jupyter_lsp | extension was successfully linked.
[I 2025-03-11 11:46:12.758 ServerApp] jupyter_server_terminals | extension was successfully linked.
[I 2025-03-11 11:46:12.769 ServerApp] jupyterlab | extension was successfully linked.
[I 2025-03-11 11:46:12.781 ServerApp] notebook | extension was successfully linked.
[I 2025-03-11 11:46:14.685 ServerApp] notebook_shim | extension was successfully linked.
[I 2025-03-11 11:46:14.686 ServerApp] panel.io.jupyter_server_extension | extension was successfully linked.
[I 2025-03-11 11:46:14.710 ServerApp] notebook_shim | extension was successfully loaded.
[I 2025-03-11 11:46:14.713 ServerApp] jupyter_lsp | extension was successfully loaded.
[I 2025-03-11 11:46:14.714 ServerApp] jupyter_server_terminals | extension was successfully loaded.
[I 2025-03-11 11:46:14.779 LabApp] JupyterLab extension loaded from /opt/conda/lib/python3.12/site-packages/jupyterlab
[I 2025-03-11 11:46:14.779 LabApp] JupyterLab application directory is /opt/conda/share/jupyter/lab
[I 2025-03-11 11:46:14.780 LabApp] Extension Manager is 'pypi'.
[I 2025-03-11 11:46:14.826 ServerApp] jupyterlab | extension was successfully loaded.
[I 2025-03-11 11:46:14.830 ServerApp] notebook | extension was successfully loaded.
[I 2025-03-11 11:46:14.831 ServerApp] panel.io.jupyter_server_extension | extension was successfully loaded.
[I 2025-03-11 11:46:14.832 ServerApp] Serving notebooks from local directory: /workspaces/Python-Google-Training
[I 2025-03-11 11:46:14.832 ServerApp] Jupyter Server 2.14.1 is running at:
[I 2025-03-11 11:46:14.832 ServerApp] http://codespaces-27f766:8888/tree?token=4a8cc1a735d5b882545478d3dedccb5957b5a5f108b9d819
[I 2025-03-11 11:46:14.832 ServerApp]     http://127.0.0.1:8888/tree?token=4a8cc1a735d5b882545478d3dedccb5957b5a5f108b9d819
[I 2025-03-11 11:46:14.833 ServerApp] Use Control-C to stop this server and shut down all kernels (twice to skip confirmation).
[W 2025-03-11 11:46:14.836 ServerApp] No web browser found: Error('could not locate runnable browser').
[C 2025-03-11 11:46:14.836 ServerApp] 
    
    To access the server, open this file in a browser:
        file:///home/vscode/.local/share/jupyter/runtime/jpserver-89-open.html
    Or copy and paste one of these URLs:
        http://codespaces-27f766:8888/tree?token=4a8cc1a735d5b882545478d3dedccb5957b5a5f108b9d819
        http://127.0.0.1:8888/tree?token=4a8cc1a735d5b882545478d3dedccb5957b5a5f108b9d819
[I 2025-03-11 11:46:14.879 ServerApp] Skipped non-installed server(s): bash-language-server, dockerfile-language-server-nodejs, javascript-typescript-langserver, jedi-language-server, julia-language-server, pyright, python-language-server, r-languageserver, sql-language-server, texlab, typescript-language-server, unified-language-server, vscode-css-languageserver-bin, vscode-html-languageserver-bin, vscode-json-languageserver-bin, yaml-language-server
[W 2025-03-11 16:03:23.492 ServerApp] A `_jupyter_server_extension_points` function was not found in notebook_shim. Instead, a `_jupyter_server_extension_paths` function was found and will be used for now. This function name will be deprecated in future releases of Jupyter Server.
[I 2025-03-11 16:03:37.444 ServerApp] Extension package panel.io.jupyter_server_extension took 13.9508s to import
[I 2025-03-11 16:03:37.445 ServerApp] jupyter_lsp | extension was successfully linked.
[I 2025-03-11 16:03:37.448 ServerApp] jupyter_server_terminals | extension was successfully linked.
[I 2025-03-11 16:03:37.452 ServerApp] jupyterlab | extension was successfully linked.
[I 2025-03-11 16:03:37.456 ServerApp] notebook | extension was successfully linked.
[I 2025-03-11 16:03:41.311 ServerApp] notebook_shim | extension was successfully linked.
[I 2025-03-11 16:03:41.311 ServerApp] panel.io.jupyter_server_extension | extension was successfully linked.
[I 2025-03-11 16:03:41.336 ServerApp] notebook_shim | extension was successfully loaded.
[I 2025-03-11 16:03:41.338 ServerApp] jupyter_lsp | extension was successfully loaded.
[I 2025-03-11 16:03:41.339 ServerApp] jupyter_server_terminals | extension was successfully loaded.
[I 2025-03-11 16:03:41.430 LabApp] JupyterLab extension loaded from /opt/conda/lib/python3.12/site-packages/jupyterlab
[I 2025-03-11 16:03:41.431 LabApp] JupyterLab application directory is /opt/conda/share/jupyter/lab
[I 2025-03-11 16:03:41.433 LabApp] Extension Manager is 'pypi'.
[I 2025-03-11 16:03:41.510 ServerApp] jupyterlab | extension was successfully loaded.
[I 2025-03-11 16:03:41.516 ServerApp] notebook | extension was successfully loaded.
[I 2025-03-11 16:03:41.518 ServerApp] panel.io.jupyter_server_extension | extension was successfully loaded.
[I 2025-03-11 16:03:41.518 ServerApp] Serving notebooks from local directory: /workspaces/Python-Google-Training
[I 2025-03-11 16:03:41.518 ServerApp] Jupyter Server 2.14.1 is running at:
[I 2025-03-11 16:03:41.519 ServerApp] http://codespaces-27f766:8888/tree?token=48aa2e06203e912ab6a361606a6065c58711941545e94502
[I 2025-03-11 16:03:41.519 ServerApp]     http://127.0.0.1:8888/tree?token=48aa2e06203e912ab6a361606a6065c58711941545e94502
[I 2025-03-11 16:03:41.519 ServerApp] Use Control-C to stop this server and shut down all kernels (twice to skip confirmation).
[W 2025-03-11 16:03:41.751 ServerApp] No web browser found: Error('could not locate runnable browser').
[C 2025-03-11 16:03:41.752 ServerApp] 
    
    To access the server, open this file in a browser:
        file:///home/vscode/.local/share/jupyter/runtime/jpserver-91-open.html
    Or copy and paste one of these URLs:
        http://codespaces-27f766:8888/tree?token=48aa2e06203e912ab6a361606a6065c58711941545e94502
        http://127.0.0.1:8888/tree?token=48aa2e06203e912ab6a361606a6065c58711941545e94502
[I 2025-03-11 16:03:41.870 ServerApp] Skipped non-installed server(s): bash-language-server, dockerfile-language-server-nodejs, javascript-typescript-langserver, jedi-language-server, julia-language-server, pyright, python-language-server, r-languageserver, sql-language-server, texlab, typescript-language-server, unified-language-server, vscode-css-languageserver-bin, vscode-html-languageserver-bin, vscode-json-languageserver-bin, yaml-language-server
[W 2025-03-11 17:27:49.935 ServerApp] A `_jupyter_server_extension_points` function was not found in notebook_shim. Instead, a `_jupyter_server_extension_paths` function was found and will be used for now. This function name will be deprecated in future releases of Jupyter Server.
[I 2025-03-11 17:28:03.514 ServerApp] Extension package panel.io.jupyter_server_extension took 13.5775s to import
[I 2025-03-11 17:28:03.515 ServerApp] jupyter_lsp | extension was successfully linked.
[I 2025-03-11 17:28:03.520 ServerApp] jupyter_server_terminals | extension was successfully linked.
[I 2025-03-11 17:28:03.525 ServerApp] jupyterlab | extension was successfully linked.
[I 2025-03-11 17:28:03.529 ServerApp] notebook | extension was successfully linked.
[I 2025-03-11 17:28:05.658 ServerApp] notebook_shim | extension was successfully linked.
[I 2025-03-11 17:28:05.658 ServerApp] panel.io.jupyter_server_extension | extension was successfully linked.
[I 2025-03-11 17:28:05.703 ServerApp] notebook_shim | extension was successfully loaded.
[I 2025-03-11 17:28:05.708 ServerApp] jupyter_lsp | extension was successfully loaded.
[I 2025-03-11 17:28:05.709 ServerApp] jupyter_server_terminals | extension was successfully loaded.
[I 2025-03-11 17:28:05.770 LabApp] JupyterLab extension loaded from /opt/conda/lib/python3.12/site-packages/jupyterlab
[I 2025-03-11 17:28:05.771 LabApp] JupyterLab application directory is /opt/conda/share/jupyter/lab
[I 2025-03-11 17:28:05.874 LabApp] Extension Manager is 'pypi'.
[I 2025-03-11 17:28:06.042 ServerApp] jupyterlab | extension was successfully loaded.
[I 2025-03-11 17:28:06.054 ServerApp] notebook | extension was successfully loaded.
[I 2025-03-11 17:28:06.073 ServerApp] panel.io.jupyter_server_extension | extension was successfully loaded.
[I 2025-03-11 17:28:06.075 ServerApp] Serving notebooks from local directory: /workspaces/Python-Google-Training
[I 2025-03-11 17:28:06.076 ServerApp] Jupyter Server 2.14.1 is running at:
[I 2025-03-11 17:28:06.076 ServerApp] http://codespaces-27f766:8888/tree?token=e7133fbb5108b3352f4167eb14b28f0c375f655dc31f2e15
[I 2025-03-11 17:28:06.076 ServerApp]     http://127.0.0.1:8888/tree?token=e7133fbb5108b3352f4167eb14b28f0c375f655dc31f2e15
[I 2025-03-11 17:28:06.076 ServerApp] Use Control-C to stop this server and shut down all kernels (twice to skip confirmation).
[W 2025-03-11 17:28:06.090 ServerApp] No web browser found: Error('could not locate runnable browser').
[C 2025-03-11 17:28:06.090 ServerApp] 
    
    To access the server, open this file in a browser:
        file:///home/vscode/.local/share/jupyter/runtime/jpserver-89-open.html
    Or copy and paste one of these URLs:
        http://codespaces-27f766:8888/tree?token=e7133fbb5108b3352f4167eb14b28f0c375f655dc31f2e15
        http://127.0.0.1:8888/tree?token=e7133fbb5108b3352f4167eb14b28f0c375f655dc31f2e15
[I 2025-03-11 17:28:06.243 ServerApp] Skipped non-installed server(s): bash-language-server, dockerfile-language-server-nodejs, javascript-typescript-langserver, jedi-language-server, julia-language-server, pyright, python-language-server, r-languageserver, sql-language-server, texlab, typescript-language-server, unified-language-server, vscode-css-languageserver-bin, vscode-html-languageserver-bin, vscode-json-languageserver-bin, yaml-language-server
